<?xml version="1.0" encoding="UTF-8"?>
<!-- Generated by org.testng.reporters.JUnitReportReporter -->
<testsuite hostname="LAPTOP-C8TROP6N" failures="0" tests="3" name="final_test.Prueba" time="31.770" errors="0" timestamp="2023-11-19T19:41:33 CST" skipped="0">
  <testcase classname="final_test.Prueba" name="invocarNavegador" time="2.818"/>
  <system-out/>
  <testcase classname="final_test.Prueba" name="verificarLoginAseisNew" time="0.278"/>
  <system-out/>
  <testcase classname="final_test.Prueba" name="editar" time="28.674"/>
  <system-out/>
</testsuite> <!-- final_test.Prueba -->
